text.analysis[2017-07-25 15:17:23,900][INFO]Loaded default TestExecutionListener class names from location [META-INF/spring.factories]: [org.springframework.test.context.web.ServletTestExecutionListener, org.springframework.test.context.support.DependencyInjectionTestExecutionListener, org.springframework.test.context.support.DirtiesContextTestExecutionListener, org.springframework.test.context.transaction.TransactionalTestExecutionListener, org.springframework.test.context.jdbc.SqlScriptsTestExecutionListener][main][org.springframework.test.context.support.AbstractTestContextBootstrapper.getDefaultTestExecutionListenerClassNames(AbstractTestContextBootstrapper.java:256)]
text.analysis[2017-07-25 15:17:23,930][INFO]Could not instantiate TestExecutionListener [org.springframework.test.context.web.ServletTestExecutionListener]. Specify custom listener classes or make the default listener classes (and their required dependencies) available. Offending class: [javax/servlet/ServletContext][main][org.springframework.test.context.support.AbstractTestContextBootstrapper.instantiateListeners(AbstractTestContextBootstrapper.java:204)]
text.analysis[2017-07-25 15:17:23,932][INFO]Using TestExecutionListeners: [org.springframework.test.context.support.DependencyInjectionTestExecutionListener@479516cf, org.springframework.test.context.support.DirtiesContextTestExecutionListener@d0c94c0, org.springframework.test.context.transaction.TransactionalTestExecutionListener@34f9cff1, org.springframework.test.context.jdbc.SqlScriptsTestExecutionListener@7cc2f262][main][org.springframework.test.context.support.AbstractTestContextBootstrapper.getTestExecutionListeners(AbstractTestContextBootstrapper.java:182)]
text.analysis[2017-07-25 15:17:24,137][INFO]Loading XML bean definitions from URL [file:/D:/Workspaces/text.analysis/target/classes/ApplicationContext.xml][main][org.springframework.beans.factory.xml.XmlBeanDefinitionReader.loadBeanDefinitions(XmlBeanDefinitionReader.java:317)]
text.analysis[2017-07-25 15:17:24,572][INFO]Refreshing org.springframework.context.support.GenericApplicationContext@1833b96c: startup date [Tue Jul 25 15:17:24 CST 2017]; root of context hierarchy[main][org.springframework.context.support.AbstractApplicationContext.prepareRefresh(AbstractApplicationContext.java:514)]
text.analysis[2017-07-25 15:17:38,523][WARN]not find library.properties in classpath use it by default ![main][org.ansj.util.MyStaticValue.<clinit>(MyStaticValue.java:91)]
text.analysis[2017-07-25 15:17:38,553][INFO]path to stream library/ambiguity.dic[main][org.ansj.dic.impl.File2Stream.toStream(File2Stream.java:29)]
text.analysis[2017-07-25 15:17:38,572][INFO]load dic use time:16 path is : library/ambiguity.dic[main][org.ansj.library.AmbiguityLibrary.init(AmbiguityLibrary.java:108)]
text.analysis[2017-07-25 15:17:38,575][INFO]path to stream library/default.dic[main][org.ansj.dic.impl.File2Stream.toStream(File2Stream.java:29)]
text.analysis[2017-07-25 15:17:39,289][INFO]load dic use time:714 path is : library/default.dic[main][org.ansj.library.DicLibrary.init(DicLibrary.java:191)]
text.analysis[2017-07-25 15:17:40,797][INFO]load crf model ok ! use time :1468[main][org.ansj.app.crf.model.CRFModel.loadModel(CRFModel.java:59)]
text.analysis[2017-07-25 15:17:40,797][INFO]load crf use time:1507 path is : jar://crf.model[main][org.ansj.library.CrfLibrary.initCRFModel(CrfLibrary.java:82)]
text.analysis[2017-07-25 15:17:43,882][INFO]init core library ok use time : 340[main][org.ansj.library.DATDictionary.loadDAT(DATDictionary.java:54)]
text.analysis[2017-07-25 15:17:44,539][INFO]init ngram ok use time :383[main][org.ansj.library.NgramLibrary.<clinit>(NgramLibrary.java:17)]
text.analysis[2017-07-25 15:17:44,962][INFO]modelName =  [main][text.thu.keg.smartsearch.jgibbetm.Model.init(Model.java:790)]
text.analysis[2017-07-25 15:17:44,963][INFO]Kwords = 2 [main][text.thu.keg.smartsearch.jgibbetm.Model.init(Model.java:792)]
text.analysis[2017-07-25 15:17:44,965][INFO]KEntities = 2 [main][text.thu.keg.smartsearch.jgibbetm.Model.init(Model.java:794)]
text.analysis[2017-07-25 15:17:44,966][INFO]alpha = -1.0 [main][text.thu.keg.smartsearch.jgibbetm.Model.init(Model.java:796)]
text.analysis[2017-07-25 15:17:44,966][INFO]beta1 = 0.1 [main][text.thu.keg.smartsearch.jgibbetm.Model.init(Model.java:798)]
text.analysis[2017-07-25 15:17:44,967][INFO]beta2 = 0.01 [main][text.thu.keg.smartsearch.jgibbetm.Model.init(Model.java:800)]
text.analysis[2017-07-25 15:17:44,967][INFO]gamma = -1.0 [main][text.thu.keg.smartsearch.jgibbetm.Model.init(Model.java:802)]
text.analysis[2017-07-25 15:17:44,967][INFO]alpha = 25.0 [main][text.thu.keg.smartsearch.jgibbetm.Model.init(Model.java:805)]
text.analysis[2017-07-25 15:17:44,968][INFO]gamma = 25.0 [main][text.thu.keg.smartsearch.jgibbetm.Model.init(Model.java:808)]
text.analysis[2017-07-25 15:17:44,968][INFO]beta1 = 0.1 [main][text.thu.keg.smartsearch.jgibbetm.Model.init(Model.java:811)]
text.analysis[2017-07-25 15:17:44,968][INFO]dir = D:/abc/ [main][text.thu.keg.smartsearch.jgibbetm.Model.init(Model.java:820)]
text.analysis[2017-07-25 15:17:44,969][INFO]dfile = TokensToNews.txt [main][text.thu.keg.smartsearch.jgibbetm.Model.init(Model.java:826)]
text.analysis[2017-07-25 15:17:44,969][INFO]twords = 100 [main][text.thu.keg.smartsearch.jgibbetm.Model.init(Model.java:829)]
text.analysis[2017-07-25 15:17:44,969][INFO]tentities = 100 [main][text.thu.keg.smartsearch.jgibbetm.Model.init(Model.java:831)]
text.analysis[2017-07-25 15:17:44,970][INFO]wordMapFile = wordmap.txt [main][text.thu.keg.smartsearch.jgibbetm.Model.init(Model.java:833)]
text.analysis[2017-07-25 15:17:44,970][INFO]entityMapFile = entitymap.txt [main][text.thu.keg.smartsearch.jgibbetm.Model.init(Model.java:835)]
text.analysis[2017-07-25 15:17:44,970][INFO]KWords = 2 [main][text.thu.keg.smartsearch.jgibbetm.Model.initNewModel(Model.java:848)]
text.analysis[2017-07-25 15:17:44,974][INFO]D:/abc/\TokensToNews.txt[main][text.thu.keg.smartsearch.jgibbetm.ETMDataset.readDataSet(ETMDataset.java:262)]
text.analysis[2017-07-25 15:17:44,989][INFO]words = 450 , entites = 39 . [main][text.thu.keg.smartsearch.jgibbetm.ETMDataset.readDataSet(ETMDataset.java:317)]
text.analysis[2017-07-25 15:17:44,995][INFO]Sampling 1000 iteration![main][text.thu.keg.smartsearch.jgibbetm.Estimator.estimate(Estimator.java:60)]
text.analysis[2017-07-25 15:17:45,131][INFO]Iteration end ............[main][text.thu.keg.smartsearch.jgibbetm.Estimator.estimate(Estimator.java:102)]
text.analysis[2017-07-25 15:17:45,131][INFO]Gibbs sampling completed![main][text.thu.keg.smartsearch.jgibbetm.Estimator.estimate(Estimator.java:103)]
text.analysis[2017-07-25 15:17:45,131][INFO]Saving the final model![main][text.thu.keg.smartsearch.jgibbetm.Estimator.estimate(Estimator.java:104)]
text.analysis[2017-07-25 15:17:45,283][INFO]Refreshing org.springframework.context.support.ClassPathXmlApplicationContext@664beade: startup date [Tue Jul 25 15:17:45 CST 2017]; root of context hierarchy[main][org.springframework.context.support.AbstractApplicationContext.prepareRefresh(AbstractApplicationContext.java:514)]
text.analysis[2017-07-25 15:17:45,285][INFO]Loading XML bean definitions from class path resource [ApplicationContext.xml][main][org.springframework.beans.factory.xml.XmlBeanDefinitionReader.loadBeanDefinitions(XmlBeanDefinitionReader.java:317)]
text.analysis[2017-07-25 15:17:45,829][INFO]labelsplit.length() = 100 , valueList.size() = 100 [main][text.analyse.etmutility.ETMUtility.getTopWords(ETMUtility.java:709)]
text.analysis[2017-07-25 15:17:45,830][INFO]labelsplit.length() = 100 , valueList.size() = 100 [main][text.analyse.etmutility.ETMUtility.getTopWords(ETMUtility.java:709)]
text.analysis[2017-07-25 15:17:45,830][INFO]topWords.size() = 2 [main][text.analyse.etmutility.ETMCluster.luluTopicname(ETMCluster.java:345)]
text.analysis[2017-07-25 15:17:45,830][INFO]Label Index = 0 , labelList.size()[main][text.analyse.etmutility.ETMCluster.luluTopicname(ETMCluster.java:380)]
text.analysis[2017-07-25 15:17:45,830][INFO]Label Index = 1 , labelList.size()[main][text.analyse.etmutility.ETMCluster.luluTopicname(ETMCluster.java:380)]
text.analysis[2017-07-25 15:17:45,831][INFO]label = 人工智能服务 [main][text.analyse.etmutility.ETMCluster.RunUtility(ETMCluster.java:283)]
text.analysis[2017-07-25 15:17:45,831][INFO]label = 院长10月 [main][text.analyse.etmutility.ETMCluster.RunUtility(ETMCluster.java:283)]
text.analysis[2017-07-25 15:17:45,831][INFO]抽取关键词，开始加载 phi 矩阵文件..........[main][text.analyse.etmutility.ETMCluster.RunUtility(ETMCluster.java:300)]
text.analysis[2017-07-25 15:17:45,884][INFO]抽取关键词，加载 phi 矩阵文件结束，开始抽取关键词...[main][text.analyse.etmutility.ETMCluster.RunUtility(ETMCluster.java:302)]
text.analysis[2017-07-25 15:17:45,884][INFO]抽取关键词，NewsSet.size = 2 [main][text.thu.keyword.extract.ExtFactory.outputKeywors(ExtFactory.java:195)]
text.analysis[2017-07-25 15:17:45,884][INFO]抽取关键词， News index = 0 ... [main][text.thu.keyword.extract.ExtFactory.outputKeywors(ExtFactory.java:200)]
text.analysis[2017-07-25 15:17:45,916][INFO]抽取关键词， News index = 1 ... [main][text.thu.keyword.extract.ExtFactory.outputKeywors(ExtFactory.java:200)]
text.analysis[2017-07-25 15:17:45,950][INFO]新闻关键词抽取完毕，进行关键词格式化....[main][text.thu.keyword.extract.ExtFactory.outputKeywors(ExtFactory.java:212)]
text.analysis[2017-07-25 15:17:45,950][INFO]抽取关键词完毕，关键词个数 = 2 [main][text.analyse.etmutility.ETMCluster.RunUtility(ETMCluster.java:304)]
text.analysis[2017-07-25 15:17:45,951][INFO]重置话题标签完毕......[main][text.analyse.etmutility.ETMCluster.RunUtility(ETMCluster.java:315)]
text.analysis[2017-07-25 15:17:45,951][INFO]获取实体列表...[main][text.analyse.etmutility.ETMCluster.RunUtility(ETMCluster.java:321)]
text.analysis[2017-07-25 15:17:45,951][INFO]获取实体...[main][text.analyse.etmutility.ETMCluster.RunUtility(ETMCluster.java:323)]
text.analysis[2017-07-25 15:17:46,230][INFO]Closing org.springframework.context.support.GenericApplicationContext@1833b96c: startup date [Tue Jul 25 15:17:24 CST 2017]; root of context hierarchy[Thread-0][org.springframework.context.support.AbstractApplicationContext.doClose(AbstractApplicationContext.java:869)]
text.analysis[2017-07-25 15:19:20,144][INFO]Loaded default TestExecutionListener class names from location [META-INF/spring.factories]: [org.springframework.test.context.web.ServletTestExecutionListener, org.springframework.test.context.support.DependencyInjectionTestExecutionListener, org.springframework.test.context.support.DirtiesContextTestExecutionListener, org.springframework.test.context.transaction.TransactionalTestExecutionListener, org.springframework.test.context.jdbc.SqlScriptsTestExecutionListener][main][org.springframework.test.context.support.AbstractTestContextBootstrapper.getDefaultTestExecutionListenerClassNames(AbstractTestContextBootstrapper.java:256)]
text.analysis[2017-07-25 15:19:20,152][INFO]Could not instantiate TestExecutionListener [org.springframework.test.context.web.ServletTestExecutionListener]. Specify custom listener classes or make the default listener classes (and their required dependencies) available. Offending class: [javax/servlet/ServletContext][main][org.springframework.test.context.support.AbstractTestContextBootstrapper.instantiateListeners(AbstractTestContextBootstrapper.java:204)]
text.analysis[2017-07-25 15:19:20,162][INFO]Using TestExecutionListeners: [org.springframework.test.context.support.DependencyInjectionTestExecutionListener@5767e86a, org.springframework.test.context.support.DirtiesContextTestExecutionListener@66cbb3fa, org.springframework.test.context.transaction.TransactionalTestExecutionListener@479516cf, org.springframework.test.context.jdbc.SqlScriptsTestExecutionListener@d0c94c0][main][org.springframework.test.context.support.AbstractTestContextBootstrapper.getTestExecutionListeners(AbstractTestContextBootstrapper.java:182)]
text.analysis[2017-07-25 15:19:20,275][INFO]Loading XML bean definitions from URL [file:/D:/Workspaces/text.analysis/target/classes/ApplicationContext.xml][main][org.springframework.beans.factory.xml.XmlBeanDefinitionReader.loadBeanDefinitions(XmlBeanDefinitionReader.java:317)]
text.analysis[2017-07-25 15:19:20,481][INFO]Refreshing org.springframework.context.support.GenericApplicationContext@296b2d5e: startup date [Tue Jul 25 15:19:20 CST 2017]; root of context hierarchy[main][org.springframework.context.support.AbstractApplicationContext.prepareRefresh(AbstractApplicationContext.java:514)]
text.analysis[2017-07-25 15:19:21,634][WARN]not find library.properties in classpath use it by default ![main][org.ansj.util.MyStaticValue.<clinit>(MyStaticValue.java:91)]
text.analysis[2017-07-25 15:19:21,638][INFO]path to stream library/ambiguity.dic[main][org.ansj.dic.impl.File2Stream.toStream(File2Stream.java:29)]
text.analysis[2017-07-25 15:19:21,641][INFO]load dic use time:2 path is : library/ambiguity.dic[main][org.ansj.library.AmbiguityLibrary.init(AmbiguityLibrary.java:108)]
text.analysis[2017-07-25 15:19:21,642][INFO]path to stream library/default.dic[main][org.ansj.dic.impl.File2Stream.toStream(File2Stream.java:29)]
text.analysis[2017-07-25 15:19:22,275][INFO]load dic use time:633 path is : library/default.dic[main][org.ansj.library.DicLibrary.init(DicLibrary.java:191)]
text.analysis[2017-07-25 15:19:23,645][INFO]load crf model ok ! use time :1365[main][org.ansj.app.crf.model.CRFModel.loadModel(CRFModel.java:59)]
text.analysis[2017-07-25 15:19:23,645][INFO]load crf use time:1369 path is : jar://crf.model[main][org.ansj.library.CrfLibrary.initCRFModel(CrfLibrary.java:82)]
text.analysis[2017-07-25 15:19:24,516][INFO]init core library ok use time : 331[main][org.ansj.library.DATDictionary.loadDAT(DATDictionary.java:54)]
text.analysis[2017-07-25 15:19:25,851][INFO]init ngram ok use time :1314[main][org.ansj.library.NgramLibrary.<clinit>(NgramLibrary.java:17)]
text.analysis[2017-07-25 15:19:25,982][INFO]modelName =  [main][text.thu.keg.smartsearch.jgibbetm.Model.init(Model.java:790)]
text.analysis[2017-07-25 15:19:25,982][INFO]Kwords = 2 [main][text.thu.keg.smartsearch.jgibbetm.Model.init(Model.java:792)]
text.analysis[2017-07-25 15:19:25,983][INFO]KEntities = 2 [main][text.thu.keg.smartsearch.jgibbetm.Model.init(Model.java:794)]
text.analysis[2017-07-25 15:19:25,984][INFO]alpha = -1.0 [main][text.thu.keg.smartsearch.jgibbetm.Model.init(Model.java:796)]
text.analysis[2017-07-25 15:19:25,984][INFO]beta1 = 0.1 [main][text.thu.keg.smartsearch.jgibbetm.Model.init(Model.java:798)]
text.analysis[2017-07-25 15:19:25,984][INFO]beta2 = 0.01 [main][text.thu.keg.smartsearch.jgibbetm.Model.init(Model.java:800)]
text.analysis[2017-07-25 15:19:25,984][INFO]gamma = -1.0 [main][text.thu.keg.smartsearch.jgibbetm.Model.init(Model.java:802)]
text.analysis[2017-07-25 15:19:25,984][INFO]alpha = 25.0 [main][text.thu.keg.smartsearch.jgibbetm.Model.init(Model.java:805)]
text.analysis[2017-07-25 15:19:25,984][INFO]gamma = 25.0 [main][text.thu.keg.smartsearch.jgibbetm.Model.init(Model.java:808)]
text.analysis[2017-07-25 15:19:25,984][INFO]beta1 = 0.1 [main][text.thu.keg.smartsearch.jgibbetm.Model.init(Model.java:811)]
text.analysis[2017-07-25 15:19:25,985][INFO]dir = D:/abc/ [main][text.thu.keg.smartsearch.jgibbetm.Model.init(Model.java:820)]
text.analysis[2017-07-25 15:19:25,985][INFO]dfile = TokensToNews.txt [main][text.thu.keg.smartsearch.jgibbetm.Model.init(Model.java:826)]
text.analysis[2017-07-25 15:19:25,985][INFO]twords = 100 [main][text.thu.keg.smartsearch.jgibbetm.Model.init(Model.java:829)]
text.analysis[2017-07-25 15:19:25,985][INFO]tentities = 100 [main][text.thu.keg.smartsearch.jgibbetm.Model.init(Model.java:831)]
text.analysis[2017-07-25 15:19:25,985][INFO]wordMapFile = wordmap.txt [main][text.thu.keg.smartsearch.jgibbetm.Model.init(Model.java:833)]
text.analysis[2017-07-25 15:19:25,986][INFO]entityMapFile = entitymap.txt [main][text.thu.keg.smartsearch.jgibbetm.Model.init(Model.java:835)]
text.analysis[2017-07-25 15:19:25,986][INFO]KWords = 2 [main][text.thu.keg.smartsearch.jgibbetm.Model.initNewModel(Model.java:848)]
text.analysis[2017-07-25 15:19:25,987][INFO]D:/abc/\TokensToNews.txt[main][text.thu.keg.smartsearch.jgibbetm.ETMDataset.readDataSet(ETMDataset.java:262)]
text.analysis[2017-07-25 15:19:25,989][INFO]words = 450 , entites = 39 . [main][text.thu.keg.smartsearch.jgibbetm.ETMDataset.readDataSet(ETMDataset.java:317)]
text.analysis[2017-07-25 15:19:25,992][INFO]Sampling 1000 iteration![main][text.thu.keg.smartsearch.jgibbetm.Estimator.estimate(Estimator.java:60)]
text.analysis[2017-07-25 15:19:26,082][INFO]Iteration end ............[main][text.thu.keg.smartsearch.jgibbetm.Estimator.estimate(Estimator.java:102)]
text.analysis[2017-07-25 15:19:26,083][INFO]Gibbs sampling completed![main][text.thu.keg.smartsearch.jgibbetm.Estimator.estimate(Estimator.java:103)]
text.analysis[2017-07-25 15:19:26,083][INFO]Saving the final model![main][text.thu.keg.smartsearch.jgibbetm.Estimator.estimate(Estimator.java:104)]
text.analysis[2017-07-25 15:19:26,119][INFO]Refreshing org.springframework.context.support.ClassPathXmlApplicationContext@7b24260c: startup date [Tue Jul 25 15:19:26 CST 2017]; root of context hierarchy[main][org.springframework.context.support.AbstractApplicationContext.prepareRefresh(AbstractApplicationContext.java:514)]
text.analysis[2017-07-25 15:19:26,121][INFO]Loading XML bean definitions from class path resource [ApplicationContext.xml][main][org.springframework.beans.factory.xml.XmlBeanDefinitionReader.loadBeanDefinitions(XmlBeanDefinitionReader.java:317)]
text.analysis[2017-07-25 15:19:26,617][INFO]labelsplit.length() = 100 , valueList.size() = 100 [main][text.analyse.etmutility.ETMUtility.getTopWords(ETMUtility.java:709)]
text.analysis[2017-07-25 15:19:26,618][INFO]labelsplit.length() = 100 , valueList.size() = 100 [main][text.analyse.etmutility.ETMUtility.getTopWords(ETMUtility.java:709)]
text.analysis[2017-07-25 15:19:26,618][INFO]topWords.size() = 2 [main][text.analyse.etmutility.ETMCluster.luluTopicname(ETMCluster.java:345)]
text.analysis[2017-07-25 15:19:26,619][INFO]Label Index = 0 , labelList.size()[main][text.analyse.etmutility.ETMCluster.luluTopicname(ETMCluster.java:380)]
text.analysis[2017-07-25 15:19:26,619][INFO]Label Index = 1 , labelList.size()[main][text.analyse.etmutility.ETMCluster.luluTopicname(ETMCluster.java:380)]
text.analysis[2017-07-25 15:19:26,619][INFO]label = 人工智能服务 [main][text.analyse.etmutility.ETMCluster.RunUtility(ETMCluster.java:283)]
text.analysis[2017-07-25 15:19:26,619][INFO]label = 院长10月 [main][text.analyse.etmutility.ETMCluster.RunUtility(ETMCluster.java:283)]
text.analysis[2017-07-25 15:19:26,619][INFO]抽取关键词，开始加载 phi 矩阵文件..........[main][text.analyse.etmutility.ETMCluster.RunUtility(ETMCluster.java:300)]
text.analysis[2017-07-25 15:19:26,666][INFO]抽取关键词，加载 phi 矩阵文件结束，开始抽取关键词...[main][text.analyse.etmutility.ETMCluster.RunUtility(ETMCluster.java:302)]
text.analysis[2017-07-25 15:19:26,666][INFO]抽取关键词，NewsSet.size = 2 [main][text.thu.keyword.extract.ExtFactory.outputKeywors(ExtFactory.java:195)]
text.analysis[2017-07-25 15:19:26,666][INFO]抽取关键词， News index = 0 ... [main][text.thu.keyword.extract.ExtFactory.outputKeywors(ExtFactory.java:200)]
text.analysis[2017-07-25 15:19:26,695][INFO]抽取关键词， News index = 1 ... [main][text.thu.keyword.extract.ExtFactory.outputKeywors(ExtFactory.java:200)]
text.analysis[2017-07-25 15:19:26,717][INFO]新闻关键词抽取完毕，进行关键词格式化....[main][text.thu.keyword.extract.ExtFactory.outputKeywors(ExtFactory.java:212)]
text.analysis[2017-07-25 15:19:26,718][INFO]抽取关键词完毕，关键词个数 = 2 [main][text.analyse.etmutility.ETMCluster.RunUtility(ETMCluster.java:304)]
text.analysis[2017-07-25 15:19:26,718][INFO]重置话题标签完毕......[main][text.analyse.etmutility.ETMCluster.RunUtility(ETMCluster.java:315)]
text.analysis[2017-07-25 15:19:26,718][INFO]获取实体列表...[main][text.analyse.etmutility.ETMCluster.RunUtility(ETMCluster.java:321)]
text.analysis[2017-07-25 15:19:26,719][INFO]获取实体...[main][text.analyse.etmutility.ETMCluster.RunUtility(ETMCluster.java:323)]
text.analysis[2017-07-25 15:19:26,814][INFO]Closing org.springframework.context.support.GenericApplicationContext@296b2d5e: startup date [Tue Jul 25 15:19:20 CST 2017]; root of context hierarchy[Thread-0][org.springframework.context.support.AbstractApplicationContext.doClose(AbstractApplicationContext.java:869)]
text.analysis[2017-07-25 15:20:24,616][INFO]Loaded default TestExecutionListener class names from location [META-INF/spring.factories]: [org.springframework.test.context.web.ServletTestExecutionListener, org.springframework.test.context.support.DependencyInjectionTestExecutionListener, org.springframework.test.context.support.DirtiesContextTestExecutionListener, org.springframework.test.context.transaction.TransactionalTestExecutionListener, org.springframework.test.context.jdbc.SqlScriptsTestExecutionListener][main][org.springframework.test.context.support.AbstractTestContextBootstrapper.getDefaultTestExecutionListenerClassNames(AbstractTestContextBootstrapper.java:256)]
text.analysis[2017-07-25 15:20:24,632][INFO]Could not instantiate TestExecutionListener [org.springframework.test.context.web.ServletTestExecutionListener]. Specify custom listener classes or make the default listener classes (and their required dependencies) available. Offending class: [javax/servlet/ServletContext][main][org.springframework.test.context.support.AbstractTestContextBootstrapper.instantiateListeners(AbstractTestContextBootstrapper.java:204)]
text.analysis[2017-07-25 15:20:24,634][INFO]Using TestExecutionListeners: [org.springframework.test.context.support.DependencyInjectionTestExecutionListener@4dad09c, org.springframework.test.context.support.DirtiesContextTestExecutionListener@39b5b441, org.springframework.test.context.transaction.TransactionalTestExecutionListener@484d3500, org.springframework.test.context.jdbc.SqlScriptsTestExecutionListener@44d2b815][main][org.springframework.test.context.support.AbstractTestContextBootstrapper.getTestExecutionListeners(AbstractTestContextBootstrapper.java:182)]
text.analysis[2017-07-25 15:20:24,736][INFO]Loading XML bean definitions from URL [file:/D:/Workspaces/text.analysis/target/classes/ApplicationContext.xml][main][org.springframework.beans.factory.xml.XmlBeanDefinitionReader.loadBeanDefinitions(XmlBeanDefinitionReader.java:317)]
text.analysis[2017-07-25 15:20:24,941][INFO]Refreshing org.springframework.context.support.GenericApplicationContext@21588de9: startup date [Tue Jul 25 15:20:24 CST 2017]; root of context hierarchy[main][org.springframework.context.support.AbstractApplicationContext.prepareRefresh(AbstractApplicationContext.java:514)]
text.analysis[2017-07-25 15:20:25,965][WARN]not find library.properties in classpath use it by default ![main][org.ansj.util.MyStaticValue.<clinit>(MyStaticValue.java:91)]
text.analysis[2017-07-25 15:20:25,969][INFO]path to stream library/ambiguity.dic[main][org.ansj.dic.impl.File2Stream.toStream(File2Stream.java:29)]
text.analysis[2017-07-25 15:20:25,972][INFO]load dic use time:2 path is : library/ambiguity.dic[main][org.ansj.library.AmbiguityLibrary.init(AmbiguityLibrary.java:108)]
text.analysis[2017-07-25 15:20:25,973][INFO]path to stream library/default.dic[main][org.ansj.dic.impl.File2Stream.toStream(File2Stream.java:29)]
text.analysis[2017-07-25 15:20:26,597][INFO]load dic use time:624 path is : library/default.dic[main][org.ansj.library.DicLibrary.init(DicLibrary.java:191)]
text.analysis[2017-07-25 15:20:27,935][INFO]load crf model ok ! use time :1333[main][org.ansj.app.crf.model.CRFModel.loadModel(CRFModel.java:59)]
text.analysis[2017-07-25 15:20:27,936][INFO]load crf use time:1338 path is : jar://crf.model[main][org.ansj.library.CrfLibrary.initCRFModel(CrfLibrary.java:82)]
text.analysis[2017-07-25 15:20:28,762][INFO]init core library ok use time : 323[main][org.ansj.library.DATDictionary.loadDAT(DATDictionary.java:54)]
text.analysis[2017-07-25 15:20:29,994][INFO]init ngram ok use time :1212[main][org.ansj.library.NgramLibrary.<clinit>(NgramLibrary.java:17)]
text.analysis[2017-07-25 15:20:30,130][INFO]modelName =  [main][text.thu.keg.smartsearch.jgibbetm.Model.init(Model.java:790)]
text.analysis[2017-07-25 15:20:30,131][INFO]Kwords = 2 [main][text.thu.keg.smartsearch.jgibbetm.Model.init(Model.java:792)]
text.analysis[2017-07-25 15:20:30,132][INFO]KEntities = 2 [main][text.thu.keg.smartsearch.jgibbetm.Model.init(Model.java:794)]
text.analysis[2017-07-25 15:20:30,132][INFO]alpha = -1.0 [main][text.thu.keg.smartsearch.jgibbetm.Model.init(Model.java:796)]
text.analysis[2017-07-25 15:20:30,132][INFO]beta1 = 0.1 [main][text.thu.keg.smartsearch.jgibbetm.Model.init(Model.java:798)]
text.analysis[2017-07-25 15:20:30,133][INFO]beta2 = 0.01 [main][text.thu.keg.smartsearch.jgibbetm.Model.init(Model.java:800)]
text.analysis[2017-07-25 15:20:30,133][INFO]gamma = -1.0 [main][text.thu.keg.smartsearch.jgibbetm.Model.init(Model.java:802)]
text.analysis[2017-07-25 15:20:30,133][INFO]alpha = 25.0 [main][text.thu.keg.smartsearch.jgibbetm.Model.init(Model.java:805)]
text.analysis[2017-07-25 15:20:30,133][INFO]gamma = 25.0 [main][text.thu.keg.smartsearch.jgibbetm.Model.init(Model.java:808)]
text.analysis[2017-07-25 15:20:30,133][INFO]beta1 = 0.1 [main][text.thu.keg.smartsearch.jgibbetm.Model.init(Model.java:811)]
text.analysis[2017-07-25 15:20:30,133][INFO]dir = D:/abc/ [main][text.thu.keg.smartsearch.jgibbetm.Model.init(Model.java:820)]
text.analysis[2017-07-25 15:20:30,133][INFO]dfile = TokensToNews.txt [main][text.thu.keg.smartsearch.jgibbetm.Model.init(Model.java:826)]
text.analysis[2017-07-25 15:20:30,134][INFO]twords = 100 [main][text.thu.keg.smartsearch.jgibbetm.Model.init(Model.java:829)]
text.analysis[2017-07-25 15:20:30,134][INFO]tentities = 100 [main][text.thu.keg.smartsearch.jgibbetm.Model.init(Model.java:831)]
text.analysis[2017-07-25 15:20:30,134][INFO]wordMapFile = wordmap.txt [main][text.thu.keg.smartsearch.jgibbetm.Model.init(Model.java:833)]
text.analysis[2017-07-25 15:20:30,134][INFO]entityMapFile = entitymap.txt [main][text.thu.keg.smartsearch.jgibbetm.Model.init(Model.java:835)]
text.analysis[2017-07-25 15:20:30,134][INFO]KWords = 2 [main][text.thu.keg.smartsearch.jgibbetm.Model.initNewModel(Model.java:848)]
text.analysis[2017-07-25 15:20:30,136][INFO]D:/abc/\TokensToNews.txt[main][text.thu.keg.smartsearch.jgibbetm.ETMDataset.readDataSet(ETMDataset.java:262)]
text.analysis[2017-07-25 15:20:30,138][INFO]words = 450 , entites = 39 . [main][text.thu.keg.smartsearch.jgibbetm.ETMDataset.readDataSet(ETMDataset.java:317)]
text.analysis[2017-07-25 15:20:30,144][INFO]Sampling 1000 iteration![main][text.thu.keg.smartsearch.jgibbetm.Estimator.estimate(Estimator.java:60)]
text.analysis[2017-07-25 15:20:30,234][INFO]Iteration end ............[main][text.thu.keg.smartsearch.jgibbetm.Estimator.estimate(Estimator.java:102)]
text.analysis[2017-07-25 15:20:30,235][INFO]Gibbs sampling completed![main][text.thu.keg.smartsearch.jgibbetm.Estimator.estimate(Estimator.java:103)]
text.analysis[2017-07-25 15:20:30,235][INFO]Saving the final model![main][text.thu.keg.smartsearch.jgibbetm.Estimator.estimate(Estimator.java:104)]
text.analysis[2017-07-25 15:20:30,270][INFO]Refreshing org.springframework.context.support.ClassPathXmlApplicationContext@23e5fd87: startup date [Tue Jul 25 15:20:30 CST 2017]; root of context hierarchy[main][org.springframework.context.support.AbstractApplicationContext.prepareRefresh(AbstractApplicationContext.java:514)]
text.analysis[2017-07-25 15:20:30,272][INFO]Loading XML bean definitions from class path resource [ApplicationContext.xml][main][org.springframework.beans.factory.xml.XmlBeanDefinitionReader.loadBeanDefinitions(XmlBeanDefinitionReader.java:317)]
text.analysis[2017-07-25 15:20:30,755][INFO]Closing org.springframework.context.support.GenericApplicationContext@21588de9: startup date [Tue Jul 25 15:20:24 CST 2017]; root of context hierarchy[Thread-0][org.springframework.context.support.AbstractApplicationContext.doClose(AbstractApplicationContext.java:869)]
text.analysis[2017-07-25 15:22:17,985][INFO]Loaded default TestExecutionListener class names from location [META-INF/spring.factories]: [org.springframework.test.context.web.ServletTestExecutionListener, org.springframework.test.context.support.DependencyInjectionTestExecutionListener, org.springframework.test.context.support.DirtiesContextTestExecutionListener, org.springframework.test.context.transaction.TransactionalTestExecutionListener, org.springframework.test.context.jdbc.SqlScriptsTestExecutionListener][main][org.springframework.test.context.support.AbstractTestContextBootstrapper.getDefaultTestExecutionListenerClassNames(AbstractTestContextBootstrapper.java:256)]
text.analysis[2017-07-25 15:22:17,999][INFO]Could not instantiate TestExecutionListener [org.springframework.test.context.web.ServletTestExecutionListener]. Specify custom listener classes or make the default listener classes (and their required dependencies) available. Offending class: [javax/servlet/ServletContext][main][org.springframework.test.context.support.AbstractTestContextBootstrapper.instantiateListeners(AbstractTestContextBootstrapper.java:204)]
text.analysis[2017-07-25 15:22:18,002][INFO]Using TestExecutionListeners: [org.springframework.test.context.support.DependencyInjectionTestExecutionListener@2262ce5f, org.springframework.test.context.support.DirtiesContextTestExecutionListener@4dad09c, org.springframework.test.context.transaction.TransactionalTestExecutionListener@39b5b441, org.springframework.test.context.jdbc.SqlScriptsTestExecutionListener@484d3500][main][org.springframework.test.context.support.AbstractTestContextBootstrapper.getTestExecutionListeners(AbstractTestContextBootstrapper.java:182)]
text.analysis[2017-07-25 15:22:18,107][INFO]Loading XML bean definitions from URL [file:/D:/Workspaces/text.analysis/target/classes/ApplicationContext.xml][main][org.springframework.beans.factory.xml.XmlBeanDefinitionReader.loadBeanDefinitions(XmlBeanDefinitionReader.java:317)]
text.analysis[2017-07-25 15:22:18,317][INFO]Refreshing org.springframework.context.support.GenericApplicationContext@7e346322: startup date [Tue Jul 25 15:22:18 CST 2017]; root of context hierarchy[main][org.springframework.context.support.AbstractApplicationContext.prepareRefresh(AbstractApplicationContext.java:514)]
text.analysis[2017-07-25 15:22:19,347][WARN]not find library.properties in classpath use it by default ![main][org.ansj.util.MyStaticValue.<clinit>(MyStaticValue.java:91)]
text.analysis[2017-07-25 15:22:19,351][INFO]path to stream library/ambiguity.dic[main][org.ansj.dic.impl.File2Stream.toStream(File2Stream.java:29)]
text.analysis[2017-07-25 15:22:19,354][INFO]load dic use time:2 path is : library/ambiguity.dic[main][org.ansj.library.AmbiguityLibrary.init(AmbiguityLibrary.java:108)]
text.analysis[2017-07-25 15:22:19,355][INFO]path to stream library/default.dic[main][org.ansj.dic.impl.File2Stream.toStream(File2Stream.java:29)]
text.analysis[2017-07-25 15:22:19,989][INFO]load dic use time:634 path is : library/default.dic[main][org.ansj.library.DicLibrary.init(DicLibrary.java:191)]
text.analysis[2017-07-25 15:22:21,342][INFO]load crf model ok ! use time :1348[main][org.ansj.app.crf.model.CRFModel.loadModel(CRFModel.java:59)]
text.analysis[2017-07-25 15:22:21,342][INFO]load crf use time:1352 path is : jar://crf.model[main][org.ansj.library.CrfLibrary.initCRFModel(CrfLibrary.java:82)]
text.analysis[2017-07-25 15:22:22,192][INFO]init core library ok use time : 327[main][org.ansj.library.DATDictionary.loadDAT(DATDictionary.java:54)]
text.analysis[2017-07-25 15:22:23,576][INFO]init ngram ok use time :1364[main][org.ansj.library.NgramLibrary.<clinit>(NgramLibrary.java:17)]
text.analysis[2017-07-25 15:22:23,710][INFO]modelName =  [main][text.thu.keg.smartsearch.jgibbetm.Model.init(Model.java:790)]
text.analysis[2017-07-25 15:22:23,711][INFO]Kwords = 2 [main][text.thu.keg.smartsearch.jgibbetm.Model.init(Model.java:792)]
text.analysis[2017-07-25 15:22:23,712][INFO]KEntities = 2 [main][text.thu.keg.smartsearch.jgibbetm.Model.init(Model.java:794)]
text.analysis[2017-07-25 15:22:23,712][INFO]alpha = -1.0 [main][text.thu.keg.smartsearch.jgibbetm.Model.init(Model.java:796)]
text.analysis[2017-07-25 15:22:23,712][INFO]beta1 = 0.1 [main][text.thu.keg.smartsearch.jgibbetm.Model.init(Model.java:798)]
text.analysis[2017-07-25 15:22:23,713][INFO]beta2 = 0.01 [main][text.thu.keg.smartsearch.jgibbetm.Model.init(Model.java:800)]
text.analysis[2017-07-25 15:22:23,713][INFO]gamma = -1.0 [main][text.thu.keg.smartsearch.jgibbetm.Model.init(Model.java:802)]
text.analysis[2017-07-25 15:22:23,713][INFO]alpha = 25.0 [main][text.thu.keg.smartsearch.jgibbetm.Model.init(Model.java:805)]
text.analysis[2017-07-25 15:22:23,713][INFO]gamma = 25.0 [main][text.thu.keg.smartsearch.jgibbetm.Model.init(Model.java:808)]
text.analysis[2017-07-25 15:22:23,713][INFO]beta1 = 0.1 [main][text.thu.keg.smartsearch.jgibbetm.Model.init(Model.java:811)]
text.analysis[2017-07-25 15:22:23,713][INFO]dir = D:/abc/ [main][text.thu.keg.smartsearch.jgibbetm.Model.init(Model.java:820)]
text.analysis[2017-07-25 15:22:23,714][INFO]dfile = TokensToNews.txt [main][text.thu.keg.smartsearch.jgibbetm.Model.init(Model.java:826)]
text.analysis[2017-07-25 15:22:23,714][INFO]twords = 100 [main][text.thu.keg.smartsearch.jgibbetm.Model.init(Model.java:829)]
text.analysis[2017-07-25 15:22:23,714][INFO]tentities = 100 [main][text.thu.keg.smartsearch.jgibbetm.Model.init(Model.java:831)]
text.analysis[2017-07-25 15:22:23,714][INFO]wordMapFile = wordmap.txt [main][text.thu.keg.smartsearch.jgibbetm.Model.init(Model.java:833)]
text.analysis[2017-07-25 15:22:23,714][INFO]entityMapFile = entitymap.txt [main][text.thu.keg.smartsearch.jgibbetm.Model.init(Model.java:835)]
text.analysis[2017-07-25 15:22:23,714][INFO]KWords = 2 [main][text.thu.keg.smartsearch.jgibbetm.Model.initNewModel(Model.java:848)]
text.analysis[2017-07-25 15:22:23,716][INFO]D:/abc/\TokensToNews.txt[main][text.thu.keg.smartsearch.jgibbetm.ETMDataset.readDataSet(ETMDataset.java:262)]
text.analysis[2017-07-25 15:22:23,718][INFO]words = 450 , entites = 39 . [main][text.thu.keg.smartsearch.jgibbetm.ETMDataset.readDataSet(ETMDataset.java:317)]
text.analysis[2017-07-25 15:22:23,721][INFO]Sampling 1000 iteration![main][text.thu.keg.smartsearch.jgibbetm.Estimator.estimate(Estimator.java:60)]
text.analysis[2017-07-25 15:22:23,813][INFO]Iteration end ............[main][text.thu.keg.smartsearch.jgibbetm.Estimator.estimate(Estimator.java:102)]
text.analysis[2017-07-25 15:22:23,813][INFO]Gibbs sampling completed![main][text.thu.keg.smartsearch.jgibbetm.Estimator.estimate(Estimator.java:103)]
text.analysis[2017-07-25 15:22:23,813][INFO]Saving the final model![main][text.thu.keg.smartsearch.jgibbetm.Estimator.estimate(Estimator.java:104)]
text.analysis[2017-07-25 15:22:23,851][INFO]Refreshing org.springframework.context.support.ClassPathXmlApplicationContext@3f545b48: startup date [Tue Jul 25 15:22:23 CST 2017]; root of context hierarchy[main][org.springframework.context.support.AbstractApplicationContext.prepareRefresh(AbstractApplicationContext.java:514)]
text.analysis[2017-07-25 15:22:23,852][INFO]Loading XML bean definitions from class path resource [ApplicationContext.xml][main][org.springframework.beans.factory.xml.XmlBeanDefinitionReader.loadBeanDefinitions(XmlBeanDefinitionReader.java:317)]
text.analysis[2017-07-25 15:22:24,356][INFO]labelsplit.length() = 100 , valueList.size() = 100 [main][text.analyse.etmutility.ETMUtility.getTopWords(ETMUtility.java:709)]
text.analysis[2017-07-25 15:22:24,357][INFO]labelsplit.length() = 100 , valueList.size() = 100 [main][text.analyse.etmutility.ETMUtility.getTopWords(ETMUtility.java:709)]
text.analysis[2017-07-25 15:22:24,357][INFO]topWords.size() = 2 [main][text.analyse.etmutility.ETMCluster.luluTopicname(ETMCluster.java:345)]
text.analysis[2017-07-25 15:22:24,357][INFO]Label Index = 0 , labelList.size()[main][text.analyse.etmutility.ETMCluster.luluTopicname(ETMCluster.java:380)]
text.analysis[2017-07-25 15:22:24,358][INFO]Label Index = 1 , labelList.size()[main][text.analyse.etmutility.ETMCluster.luluTopicname(ETMCluster.java:380)]
text.analysis[2017-07-25 15:22:24,358][INFO]label = 进行服务 [main][text.analyse.etmutility.ETMCluster.RunUtility(ETMCluster.java:283)]
text.analysis[2017-07-25 15:22:24,358][INFO]label = 人工智能10月 [main][text.analyse.etmutility.ETMCluster.RunUtility(ETMCluster.java:283)]
text.analysis[2017-07-25 15:22:24,358][INFO]抽取关键词，开始加载 phi 矩阵文件..........[main][text.analyse.etmutility.ETMCluster.RunUtility(ETMCluster.java:300)]
text.analysis[2017-07-25 15:22:24,410][INFO]抽取关键词，加载 phi 矩阵文件结束，开始抽取关键词...[main][text.analyse.etmutility.ETMCluster.RunUtility(ETMCluster.java:302)]
text.analysis[2017-07-25 15:22:24,410][INFO]抽取关键词，NewsSet.size = 2 [main][text.thu.keyword.extract.ExtFactory.outputKeywors(ExtFactory.java:195)]
text.analysis[2017-07-25 15:22:24,410][INFO]抽取关键词， News index = 0 ... [main][text.thu.keyword.extract.ExtFactory.outputKeywors(ExtFactory.java:200)]
text.analysis[2017-07-25 15:22:24,444][INFO]抽取关键词， News index = 1 ... [main][text.thu.keyword.extract.ExtFactory.outputKeywors(ExtFactory.java:200)]
text.analysis[2017-07-25 15:22:24,535][INFO]新闻关键词抽取完毕，进行关键词格式化....[main][text.thu.keyword.extract.ExtFactory.outputKeywors(ExtFactory.java:212)]
text.analysis[2017-07-25 15:22:24,535][INFO]抽取关键词完毕，关键词个数 = 2 [main][text.analyse.etmutility.ETMCluster.RunUtility(ETMCluster.java:304)]
text.analysis[2017-07-25 15:22:24,535][INFO]重置话题标签完毕......[main][text.analyse.etmutility.ETMCluster.RunUtility(ETMCluster.java:315)]
text.analysis[2017-07-25 15:22:24,536][INFO]获取实体列表...[main][text.analyse.etmutility.ETMCluster.RunUtility(ETMCluster.java:321)]
text.analysis[2017-07-25 15:22:24,536][INFO]获取实体...[main][text.analyse.etmutility.ETMCluster.RunUtility(ETMCluster.java:323)]
text.analysis[2017-07-25 15:22:24,537][INFO]该专题的词条个数： 31 [main][text.analyse.utility.Utility.loadWord(Utility.java:155)]
text.analysis[2017-07-25 15:22:24,538][INFO]实体和话题之间的关系...[main][text.analyse.etmutility.ETMCluster.RunUtility(ETMCluster.java:329)]
text.analysis[2017-07-25 15:22:24,651][INFO]Closing org.springframework.context.support.GenericApplicationContext@7e346322: startup date [Tue Jul 25 15:22:18 CST 2017]; root of context hierarchy[Thread-0][org.springframework.context.support.AbstractApplicationContext.doClose(AbstractApplicationContext.java:869)]
text.analysis[2017-07-25 16:26:16,078][INFO]Loaded default TestExecutionListener class names from location [META-INF/spring.factories]: [org.springframework.test.context.web.ServletTestExecutionListener, org.springframework.test.context.support.DependencyInjectionTestExecutionListener, org.springframework.test.context.support.DirtiesContextTestExecutionListener, org.springframework.test.context.transaction.TransactionalTestExecutionListener, org.springframework.test.context.jdbc.SqlScriptsTestExecutionListener][main][org.springframework.test.context.support.AbstractTestContextBootstrapper.getDefaultTestExecutionListenerClassNames(AbstractTestContextBootstrapper.java:256)]
text.analysis[2017-07-25 16:26:16,094][INFO]Could not instantiate TestExecutionListener [org.springframework.test.context.web.ServletTestExecutionListener]. Specify custom listener classes or make the default listener classes (and their required dependencies) available. Offending class: [javax/servlet/ServletContext][main][org.springframework.test.context.support.AbstractTestContextBootstrapper.instantiateListeners(AbstractTestContextBootstrapper.java:204)]
text.analysis[2017-07-25 16:26:16,095][INFO]Using TestExecutionListeners: [org.springframework.test.context.support.DependencyInjectionTestExecutionListener@6b9c9533, org.springframework.test.context.support.DirtiesContextTestExecutionListener@75077e76, org.springframework.test.context.transaction.TransactionalTestExecutionListener@3effb100, org.springframework.test.context.jdbc.SqlScriptsTestExecutionListener@4bd9750][main][org.springframework.test.context.support.AbstractTestContextBootstrapper.getTestExecutionListeners(AbstractTestContextBootstrapper.java:182)]
text.analysis[2017-07-25 16:26:16,209][INFO]Loading XML bean definitions from URL [file:/D:/Workspaces/text.analysis/target/classes/ApplicationContext.xml][main][org.springframework.beans.factory.xml.XmlBeanDefinitionReader.loadBeanDefinitions(XmlBeanDefinitionReader.java:317)]
text.analysis[2017-07-25 16:26:16,440][INFO]Refreshing org.springframework.context.support.GenericApplicationContext@3506bb21: startup date [Tue Jul 25 16:26:16 CST 2017]; root of context hierarchy[main][org.springframework.context.support.AbstractApplicationContext.prepareRefresh(AbstractApplicationContext.java:514)]
text.analysis[2017-07-25 16:26:17,488][WARN]not find library.properties in classpath use it by default ![main][org.ansj.util.MyStaticValue.<clinit>(MyStaticValue.java:91)]
text.analysis[2017-07-25 16:26:17,492][INFO]path to stream library/ambiguity.dic[main][org.ansj.dic.impl.File2Stream.toStream(File2Stream.java:29)]
text.analysis[2017-07-25 16:26:17,495][INFO]load dic use time:2 path is : library/ambiguity.dic[main][org.ansj.library.AmbiguityLibrary.init(AmbiguityLibrary.java:108)]
text.analysis[2017-07-25 16:26:17,496][INFO]path to stream library/default.dic[main][org.ansj.dic.impl.File2Stream.toStream(File2Stream.java:29)]
text.analysis[2017-07-25 16:26:18,141][INFO]load dic use time:645 path is : library/default.dic[main][org.ansj.library.DicLibrary.init(DicLibrary.java:191)]
text.analysis[2017-07-25 16:26:19,699][INFO]load crf model ok ! use time :1553[main][org.ansj.app.crf.model.CRFModel.loadModel(CRFModel.java:59)]
text.analysis[2017-07-25 16:26:19,699][INFO]load crf use time:1557 path is : jar://crf.model[main][org.ansj.library.CrfLibrary.initCRFModel(CrfLibrary.java:82)]
text.analysis[2017-07-25 16:26:20,638][INFO]init core library ok use time : 330[main][org.ansj.library.DATDictionary.loadDAT(DATDictionary.java:54)]
text.analysis[2017-07-25 16:26:22,312][INFO]init ngram ok use time :1639[main][org.ansj.library.NgramLibrary.<clinit>(NgramLibrary.java:17)]
text.analysis[2017-07-25 16:26:22,478][INFO]modelName =  [main][text.thu.keg.smartsearch.jgibbetm.Model.init(Model.java:790)]
text.analysis[2017-07-25 16:26:22,478][INFO]Kwords = 2 [main][text.thu.keg.smartsearch.jgibbetm.Model.init(Model.java:792)]
text.analysis[2017-07-25 16:26:22,479][INFO]KEntities = 2 [main][text.thu.keg.smartsearch.jgibbetm.Model.init(Model.java:794)]
text.analysis[2017-07-25 16:26:22,479][INFO]alpha = -1.0 [main][text.thu.keg.smartsearch.jgibbetm.Model.init(Model.java:796)]
text.analysis[2017-07-25 16:26:22,480][INFO]beta1 = 0.1 [main][text.thu.keg.smartsearch.jgibbetm.Model.init(Model.java:798)]
text.analysis[2017-07-25 16:26:22,480][INFO]beta2 = 0.01 [main][text.thu.keg.smartsearch.jgibbetm.Model.init(Model.java:800)]
text.analysis[2017-07-25 16:26:22,480][INFO]gamma = -1.0 [main][text.thu.keg.smartsearch.jgibbetm.Model.init(Model.java:802)]
text.analysis[2017-07-25 16:26:22,480][INFO]alpha = 25.0 [main][text.thu.keg.smartsearch.jgibbetm.Model.init(Model.java:805)]
text.analysis[2017-07-25 16:26:22,480][INFO]gamma = 25.0 [main][text.thu.keg.smartsearch.jgibbetm.Model.init(Model.java:808)]
text.analysis[2017-07-25 16:26:22,480][INFO]beta1 = 0.1 [main][text.thu.keg.smartsearch.jgibbetm.Model.init(Model.java:811)]
text.analysis[2017-07-25 16:26:22,480][INFO]dir = D:/abc/ [main][text.thu.keg.smartsearch.jgibbetm.Model.init(Model.java:820)]
text.analysis[2017-07-25 16:26:22,481][INFO]dfile = TokensToNews.txt [main][text.thu.keg.smartsearch.jgibbetm.Model.init(Model.java:826)]
text.analysis[2017-07-25 16:26:22,481][INFO]twords = 100 [main][text.thu.keg.smartsearch.jgibbetm.Model.init(Model.java:829)]
text.analysis[2017-07-25 16:26:22,481][INFO]tentities = 100 [main][text.thu.keg.smartsearch.jgibbetm.Model.init(Model.java:831)]
text.analysis[2017-07-25 16:26:22,481][INFO]wordMapFile = wordmap.txt [main][text.thu.keg.smartsearch.jgibbetm.Model.init(Model.java:833)]
text.analysis[2017-07-25 16:26:22,481][INFO]entityMapFile = entitymap.txt [main][text.thu.keg.smartsearch.jgibbetm.Model.init(Model.java:835)]
text.analysis[2017-07-25 16:26:22,481][INFO]KWords = 2 [main][text.thu.keg.smartsearch.jgibbetm.Model.initNewModel(Model.java:848)]
text.analysis[2017-07-25 16:26:22,483][INFO]D:/abc/\TokensToNews.txt[main][text.thu.keg.smartsearch.jgibbetm.ETMDataset.readDataSet(ETMDataset.java:262)]
text.analysis[2017-07-25 16:26:22,485][INFO]words = 450 , entites = 39 . [main][text.thu.keg.smartsearch.jgibbetm.ETMDataset.readDataSet(ETMDataset.java:317)]
text.analysis[2017-07-25 16:26:22,488][INFO]Sampling 1000 iteration![main][text.thu.keg.smartsearch.jgibbetm.Estimator.estimate(Estimator.java:60)]
text.analysis[2017-07-25 16:26:22,579][INFO]Iteration end ............[main][text.thu.keg.smartsearch.jgibbetm.Estimator.estimate(Estimator.java:102)]
text.analysis[2017-07-25 16:26:22,580][INFO]Gibbs sampling completed![main][text.thu.keg.smartsearch.jgibbetm.Estimator.estimate(Estimator.java:103)]
text.analysis[2017-07-25 16:26:22,580][INFO]Saving the final model![main][text.thu.keg.smartsearch.jgibbetm.Estimator.estimate(Estimator.java:104)]
text.analysis[2017-07-25 16:26:22,623][INFO]Refreshing org.springframework.context.support.ClassPathXmlApplicationContext@3be12731: startup date [Tue Jul 25 16:26:22 CST 2017]; root of context hierarchy[main][org.springframework.context.support.AbstractApplicationContext.prepareRefresh(AbstractApplicationContext.java:514)]
text.analysis[2017-07-25 16:26:22,625][INFO]Loading XML bean definitions from class path resource [ApplicationContext.xml][main][org.springframework.beans.factory.xml.XmlBeanDefinitionReader.loadBeanDefinitions(XmlBeanDefinitionReader.java:317)]
text.analysis[2017-07-25 16:26:23,148][INFO]labelsplit.length() = 100 , valueList.size() = 100 [main][text.analyse.etmutility.ETMUtility.getTopWords(ETMUtility.java:709)]
text.analysis[2017-07-25 16:26:23,149][INFO]labelsplit.length() = 100 , valueList.size() = 100 [main][text.analyse.etmutility.ETMUtility.getTopWords(ETMUtility.java:709)]
text.analysis[2017-07-25 16:26:23,150][INFO]topWords.size() = 2 [main][text.analyse.etmutility.ETMCluster.luluTopicname(ETMCluster.java:266)]
text.analysis[2017-07-25 16:26:23,150][INFO]Label Index = 0 , labelList.size()[main][text.analyse.etmutility.ETMCluster.luluTopicname(ETMCluster.java:301)]
text.analysis[2017-07-25 16:26:23,150][INFO]Label Index = 1 , labelList.size()[main][text.analyse.etmutility.ETMCluster.luluTopicname(ETMCluster.java:301)]
text.analysis[2017-07-25 16:26:23,150][INFO]label = 人工智能进行 [main][text.analyse.etmutility.ETMCluster.RunUtility(ETMCluster.java:204)]
text.analysis[2017-07-25 16:26:23,151][INFO]label = 院长10月 [main][text.analyse.etmutility.ETMCluster.RunUtility(ETMCluster.java:204)]
text.analysis[2017-07-25 16:26:23,151][INFO]抽取关键词，开始加载 phi 矩阵文件..........[main][text.analyse.etmutility.ETMCluster.RunUtility(ETMCluster.java:221)]
text.analysis[2017-07-25 16:26:23,202][INFO]抽取关键词，加载 phi 矩阵文件结束，开始抽取关键词...[main][text.analyse.etmutility.ETMCluster.RunUtility(ETMCluster.java:223)]
text.analysis[2017-07-25 16:26:23,202][INFO]抽取关键词，NewsSet.size = 2 [main][text.thu.keyword.extract.ExtFactory.outputKeywors(ExtFactory.java:174)]
text.analysis[2017-07-25 16:26:23,203][INFO]抽取关键词， News index = 0 ... [main][text.thu.keyword.extract.ExtFactory.outputKeywors(ExtFactory.java:179)]
text.analysis[2017-07-25 16:26:23,240][INFO]抽取关键词， News index = 1 ... [main][text.thu.keyword.extract.ExtFactory.outputKeywors(ExtFactory.java:179)]
text.analysis[2017-07-25 16:26:23,340][INFO]新闻关键词抽取完毕，进行关键词格式化....[main][text.thu.keyword.extract.ExtFactory.outputKeywors(ExtFactory.java:191)]
text.analysis[2017-07-25 16:26:23,340][INFO]抽取关键词完毕，关键词个数 = 2 [main][text.analyse.etmutility.ETMCluster.RunUtility(ETMCluster.java:225)]
text.analysis[2017-07-25 16:26:23,340][INFO]重置话题标签完毕......[main][text.analyse.etmutility.ETMCluster.RunUtility(ETMCluster.java:236)]
text.analysis[2017-07-25 16:26:23,341][INFO]获取实体列表...[main][text.analyse.etmutility.ETMCluster.RunUtility(ETMCluster.java:242)]
text.analysis[2017-07-25 16:26:23,341][INFO]获取实体...[main][text.analyse.etmutility.ETMCluster.RunUtility(ETMCluster.java:244)]
text.analysis[2017-07-25 16:26:23,342][INFO]该专题的词条个数： 31 [main][text.analyse.utility.Utility.loadWord(Utility.java:154)]
text.analysis[2017-07-25 16:26:23,342][INFO]实体和话题之间的关系...[main][text.analyse.etmutility.ETMCluster.RunUtility(ETMCluster.java:250)]
text.analysis[2017-07-25 16:26:23,455][INFO]Closing org.springframework.context.support.GenericApplicationContext@3506bb21: startup date [Tue Jul 25 16:26:16 CST 2017]; root of context hierarchy[Thread-0][org.springframework.context.support.AbstractApplicationContext.doClose(AbstractApplicationContext.java:869)]
text.analysis[2017-07-25 16:26:51,770][INFO]Loaded default TestExecutionListener class names from location [META-INF/spring.factories]: [org.springframework.test.context.web.ServletTestExecutionListener, org.springframework.test.context.support.DependencyInjectionTestExecutionListener, org.springframework.test.context.support.DirtiesContextTestExecutionListener, org.springframework.test.context.transaction.TransactionalTestExecutionListener, org.springframework.test.context.jdbc.SqlScriptsTestExecutionListener][main][org.springframework.test.context.support.AbstractTestContextBootstrapper.getDefaultTestExecutionListenerClassNames(AbstractTestContextBootstrapper.java:256)]
text.analysis[2017-07-25 16:26:51,777][INFO]Could not instantiate TestExecutionListener [org.springframework.test.context.web.ServletTestExecutionListener]. Specify custom listener classes or make the default listener classes (and their required dependencies) available. Offending class: [javax/servlet/ServletContext][main][org.springframework.test.context.support.AbstractTestContextBootstrapper.instantiateListeners(AbstractTestContextBootstrapper.java:204)]
text.analysis[2017-07-25 16:26:51,788][INFO]Using TestExecutionListeners: [org.springframework.test.context.support.DependencyInjectionTestExecutionListener@54327b4b, org.springframework.test.context.support.DirtiesContextTestExecutionListener@3e3ca41c, org.springframework.test.context.transaction.TransactionalTestExecutionListener@7f3a4a2f, org.springframework.test.context.jdbc.SqlScriptsTestExecutionListener@4bdc94ea][main][org.springframework.test.context.support.AbstractTestContextBootstrapper.getTestExecutionListeners(AbstractTestContextBootstrapper.java:182)]
text.analysis[2017-07-25 16:26:51,893][INFO]Loading XML bean definitions from URL [file:/D:/Workspaces/text.analysis/target/classes/ApplicationContext.xml][main][org.springframework.beans.factory.xml.XmlBeanDefinitionReader.loadBeanDefinitions(XmlBeanDefinitionReader.java:317)]
text.analysis[2017-07-25 16:26:52,102][INFO]Refreshing org.springframework.context.support.GenericApplicationContext@87d4cb2: startup date [Tue Jul 25 16:26:52 CST 2017]; root of context hierarchy[main][org.springframework.context.support.AbstractApplicationContext.prepareRefresh(AbstractApplicationContext.java:514)]
text.analysis[2017-07-25 16:26:53,140][WARN]not find library.properties in classpath use it by default ![main][org.ansj.util.MyStaticValue.<clinit>(MyStaticValue.java:91)]
text.analysis[2017-07-25 16:26:53,144][INFO]path to stream library/ambiguity.dic[main][org.ansj.dic.impl.File2Stream.toStream(File2Stream.java:29)]
text.analysis[2017-07-25 16:26:53,147][INFO]load dic use time:1 path is : library/ambiguity.dic[main][org.ansj.library.AmbiguityLibrary.init(AmbiguityLibrary.java:108)]
text.analysis[2017-07-25 16:26:53,149][INFO]path to stream library/default.dic[main][org.ansj.dic.impl.File2Stream.toStream(File2Stream.java:29)]
text.analysis[2017-07-25 16:26:53,782][INFO]load dic use time:633 path is : library/default.dic[main][org.ansj.library.DicLibrary.init(DicLibrary.java:191)]
text.analysis[2017-07-25 16:26:55,141][INFO]load crf model ok ! use time :1354[main][org.ansj.app.crf.model.CRFModel.loadModel(CRFModel.java:59)]
text.analysis[2017-07-25 16:26:55,141][INFO]load crf use time:1358 path is : jar://crf.model[main][org.ansj.library.CrfLibrary.initCRFModel(CrfLibrary.java:82)]
text.analysis[2017-07-25 16:26:56,007][INFO]init core library ok use time : 332[main][org.ansj.library.DATDictionary.loadDAT(DATDictionary.java:54)]
text.analysis[2017-07-25 16:26:57,519][INFO]init ngram ok use time :1491[main][org.ansj.library.NgramLibrary.<clinit>(NgramLibrary.java:17)]
text.analysis[2017-07-25 16:26:57,650][INFO]modelName =  [main][text.thu.keg.smartsearch.jgibbetm.Model.init(Model.java:790)]
text.analysis[2017-07-25 16:26:57,650][INFO]Kwords = 2 [main][text.thu.keg.smartsearch.jgibbetm.Model.init(Model.java:792)]
text.analysis[2017-07-25 16:26:57,651][INFO]KEntities = 2 [main][text.thu.keg.smartsearch.jgibbetm.Model.init(Model.java:794)]
text.analysis[2017-07-25 16:26:57,651][INFO]alpha = -1.0 [main][text.thu.keg.smartsearch.jgibbetm.Model.init(Model.java:796)]
text.analysis[2017-07-25 16:26:57,651][INFO]beta1 = 0.1 [main][text.thu.keg.smartsearch.jgibbetm.Model.init(Model.java:798)]
text.analysis[2017-07-25 16:26:57,651][INFO]beta2 = 0.01 [main][text.thu.keg.smartsearch.jgibbetm.Model.init(Model.java:800)]
text.analysis[2017-07-25 16:26:57,652][INFO]gamma = -1.0 [main][text.thu.keg.smartsearch.jgibbetm.Model.init(Model.java:802)]
text.analysis[2017-07-25 16:26:57,652][INFO]alpha = 25.0 [main][text.thu.keg.smartsearch.jgibbetm.Model.init(Model.java:805)]
text.analysis[2017-07-25 16:26:57,652][INFO]gamma = 25.0 [main][text.thu.keg.smartsearch.jgibbetm.Model.init(Model.java:808)]
text.analysis[2017-07-25 16:26:57,652][INFO]beta1 = 0.1 [main][text.thu.keg.smartsearch.jgibbetm.Model.init(Model.java:811)]
text.analysis[2017-07-25 16:26:57,652][INFO]dir = D:/abc/ [main][text.thu.keg.smartsearch.jgibbetm.Model.init(Model.java:820)]
text.analysis[2017-07-25 16:26:57,652][INFO]dfile = TokensToNews.txt [main][text.thu.keg.smartsearch.jgibbetm.Model.init(Model.java:826)]
text.analysis[2017-07-25 16:26:57,652][INFO]twords = 100 [main][text.thu.keg.smartsearch.jgibbetm.Model.init(Model.java:829)]
text.analysis[2017-07-25 16:26:57,653][INFO]tentities = 100 [main][text.thu.keg.smartsearch.jgibbetm.Model.init(Model.java:831)]
text.analysis[2017-07-25 16:26:57,653][INFO]wordMapFile = wordmap.txt [main][text.thu.keg.smartsearch.jgibbetm.Model.init(Model.java:833)]
text.analysis[2017-07-25 16:26:57,653][INFO]entityMapFile = entitymap.txt [main][text.thu.keg.smartsearch.jgibbetm.Model.init(Model.java:835)]
text.analysis[2017-07-25 16:26:57,653][INFO]KWords = 2 [main][text.thu.keg.smartsearch.jgibbetm.Model.initNewModel(Model.java:848)]
text.analysis[2017-07-25 16:26:57,655][INFO]D:/abc/\TokensToNews.txt[main][text.thu.keg.smartsearch.jgibbetm.ETMDataset.readDataSet(ETMDataset.java:262)]
text.analysis[2017-07-25 16:26:57,657][INFO]words = 450 , entites = 39 . [main][text.thu.keg.smartsearch.jgibbetm.ETMDataset.readDataSet(ETMDataset.java:317)]
text.analysis[2017-07-25 16:26:57,660][INFO]Sampling 1000 iteration![main][text.thu.keg.smartsearch.jgibbetm.Estimator.estimate(Estimator.java:60)]
text.analysis[2017-07-25 16:26:57,750][INFO]Iteration end ............[main][text.thu.keg.smartsearch.jgibbetm.Estimator.estimate(Estimator.java:102)]
text.analysis[2017-07-25 16:26:57,751][INFO]Gibbs sampling completed![main][text.thu.keg.smartsearch.jgibbetm.Estimator.estimate(Estimator.java:103)]
text.analysis[2017-07-25 16:26:57,751][INFO]Saving the final model![main][text.thu.keg.smartsearch.jgibbetm.Estimator.estimate(Estimator.java:104)]
text.analysis[2017-07-25 16:26:57,787][INFO]Refreshing org.springframework.context.support.ClassPathXmlApplicationContext@31e05d3: startup date [Tue Jul 25 16:26:57 CST 2017]; root of context hierarchy[main][org.springframework.context.support.AbstractApplicationContext.prepareRefresh(AbstractApplicationContext.java:514)]
text.analysis[2017-07-25 16:26:57,789][INFO]Loading XML bean definitions from class path resource [ApplicationContext.xml][main][org.springframework.beans.factory.xml.XmlBeanDefinitionReader.loadBeanDefinitions(XmlBeanDefinitionReader.java:317)]
text.analysis[2017-07-25 16:26:58,312][INFO]labelsplit.length() = 100 , valueList.size() = 100 [main][text.analyse.etmutility.ETMUtility.getTopWords(ETMUtility.java:708)]
text.analysis[2017-07-25 16:26:58,312][INFO]labelsplit.length() = 100 , valueList.size() = 100 [main][text.analyse.etmutility.ETMUtility.getTopWords(ETMUtility.java:708)]
text.analysis[2017-07-25 16:26:58,313][INFO]topWords.size() = 2 [main][text.analyse.etmutility.ETMCluster.luluTopicname(ETMCluster.java:266)]
text.analysis[2017-07-25 16:26:58,313][INFO]Label Index = 0 , labelList.size()[main][text.analyse.etmutility.ETMCluster.luluTopicname(ETMCluster.java:301)]
text.analysis[2017-07-25 16:26:58,313][INFO]Label Index = 1 , labelList.size()[main][text.analyse.etmutility.ETMCluster.luluTopicname(ETMCluster.java:301)]
text.analysis[2017-07-25 16:26:58,314][INFO]label = 院长10月 [main][text.analyse.etmutility.ETMCluster.RunUtility(ETMCluster.java:204)]
text.analysis[2017-07-25 16:26:58,314][INFO]label = 人工智能服务 [main][text.analyse.etmutility.ETMCluster.RunUtility(ETMCluster.java:204)]
text.analysis[2017-07-25 16:26:58,314][INFO]抽取关键词，开始加载 phi 矩阵文件..........[main][text.analyse.etmutility.ETMCluster.RunUtility(ETMCluster.java:221)]
text.analysis[2017-07-25 16:26:58,368][INFO]抽取关键词，加载 phi 矩阵文件结束，开始抽取关键词...[main][text.analyse.etmutility.ETMCluster.RunUtility(ETMCluster.java:223)]
text.analysis[2017-07-25 16:26:58,368][INFO]抽取关键词，NewsSet.size = 2 [main][text.thu.keyword.extract.ExtFactory.outputKeywors(ExtFactory.java:174)]
text.analysis[2017-07-25 16:26:58,369][INFO]抽取关键词， News index = 0 ... [main][text.thu.keyword.extract.ExtFactory.outputKeywors(ExtFactory.java:179)]
text.analysis[2017-07-25 16:26:58,401][INFO]抽取关键词， News index = 1 ... [main][text.thu.keyword.extract.ExtFactory.outputKeywors(ExtFactory.java:179)]
text.analysis[2017-07-25 16:26:58,517][INFO]新闻关键词抽取完毕，进行关键词格式化....[main][text.thu.keyword.extract.ExtFactory.outputKeywors(ExtFactory.java:191)]
text.analysis[2017-07-25 16:26:58,517][INFO]抽取关键词完毕，关键词个数 = 2 [main][text.analyse.etmutility.ETMCluster.RunUtility(ETMCluster.java:225)]
text.analysis[2017-07-25 16:26:58,517][INFO]重置话题标签完毕......[main][text.analyse.etmutility.ETMCluster.RunUtility(ETMCluster.java:236)]
text.analysis[2017-07-25 16:26:58,517][INFO]获取实体列表...[main][text.analyse.etmutility.ETMCluster.RunUtility(ETMCluster.java:242)]
text.analysis[2017-07-25 16:26:58,518][INFO]获取实体...[main][text.analyse.etmutility.ETMCluster.RunUtility(ETMCluster.java:244)]
text.analysis[2017-07-25 16:26:58,518][INFO]该专题的词条个数： 31 [main][text.analyse.utility.Utility.loadWord(Utility.java:154)]
text.analysis[2017-07-25 16:26:58,519][INFO]实体和话题之间的关系...[main][text.analyse.etmutility.ETMCluster.RunUtility(ETMCluster.java:250)]
text.analysis[2017-07-25 16:26:58,628][INFO]Closing org.springframework.context.support.GenericApplicationContext@87d4cb2: startup date [Tue Jul 25 16:26:52 CST 2017]; root of context hierarchy[Thread-0][org.springframework.context.support.AbstractApplicationContext.doClose(AbstractApplicationContext.java:869)]
text.analysis[2017-07-25 16:27:32,422][INFO]Loaded default TestExecutionListener class names from location [META-INF/spring.factories]: [org.springframework.test.context.web.ServletTestExecutionListener, org.springframework.test.context.support.DependencyInjectionTestExecutionListener, org.springframework.test.context.support.DirtiesContextTestExecutionListener, org.springframework.test.context.transaction.TransactionalTestExecutionListener, org.springframework.test.context.jdbc.SqlScriptsTestExecutionListener][main][org.springframework.test.context.support.AbstractTestContextBootstrapper.getDefaultTestExecutionListenerClassNames(AbstractTestContextBootstrapper.java:256)]
text.analysis[2017-07-25 16:27:32,438][INFO]Could not instantiate TestExecutionListener [org.springframework.test.context.web.ServletTestExecutionListener]. Specify custom listener classes or make the default listener classes (and their required dependencies) available. Offending class: [javax/servlet/ServletContext][main][org.springframework.test.context.support.AbstractTestContextBootstrapper.instantiateListeners(AbstractTestContextBootstrapper.java:204)]
text.analysis[2017-07-25 16:27:32,440][INFO]Using TestExecutionListeners: [org.springframework.test.context.support.DependencyInjectionTestExecutionListener@71f80d51, org.springframework.test.context.support.DirtiesContextTestExecutionListener@54327b4b, org.springframework.test.context.transaction.TransactionalTestExecutionListener@3e3ca41c, org.springframework.test.context.jdbc.SqlScriptsTestExecutionListener@7f3a4a2f][main][org.springframework.test.context.support.AbstractTestContextBootstrapper.getTestExecutionListeners(AbstractTestContextBootstrapper.java:182)]
text.analysis[2017-07-25 16:27:32,544][INFO]Loading XML bean definitions from URL [file:/D:/Workspaces/text.analysis/target/classes/ApplicationContext.xml][main][org.springframework.beans.factory.xml.XmlBeanDefinitionReader.loadBeanDefinitions(XmlBeanDefinitionReader.java:317)]
text.analysis[2017-07-25 16:27:32,752][INFO]Refreshing org.springframework.context.support.GenericApplicationContext@1f936f80: startup date [Tue Jul 25 16:27:32 CST 2017]; root of context hierarchy[main][org.springframework.context.support.AbstractApplicationContext.prepareRefresh(AbstractApplicationContext.java:514)]
text.analysis[2017-07-25 16:27:33,803][WARN]not find library.properties in classpath use it by default ![main][org.ansj.util.MyStaticValue.<clinit>(MyStaticValue.java:91)]
text.analysis[2017-07-25 16:27:33,807][INFO]path to stream library/ambiguity.dic[main][org.ansj.dic.impl.File2Stream.toStream(File2Stream.java:29)]
text.analysis[2017-07-25 16:27:33,810][INFO]load dic use time:2 path is : library/ambiguity.dic[main][org.ansj.library.AmbiguityLibrary.init(AmbiguityLibrary.java:108)]
text.analysis[2017-07-25 16:27:33,811][INFO]path to stream library/default.dic[main][org.ansj.dic.impl.File2Stream.toStream(File2Stream.java:29)]
text.analysis[2017-07-25 16:27:34,437][INFO]load dic use time:626 path is : library/default.dic[main][org.ansj.library.DicLibrary.init(DicLibrary.java:191)]
text.analysis[2017-07-25 16:27:35,792][INFO]load crf model ok ! use time :1350[main][org.ansj.app.crf.model.CRFModel.loadModel(CRFModel.java:59)]
text.analysis[2017-07-25 16:27:35,792][INFO]load crf use time:1354 path is : jar://crf.model[main][org.ansj.library.CrfLibrary.initCRFModel(CrfLibrary.java:82)]
text.analysis[2017-07-25 16:27:36,625][INFO]init core library ok use time : 325[main][org.ansj.library.DATDictionary.loadDAT(DATDictionary.java:54)]
text.analysis[2017-07-25 16:27:38,120][INFO]init ngram ok use time :1475[main][org.ansj.library.NgramLibrary.<clinit>(NgramLibrary.java:17)]
text.analysis[2017-07-25 16:27:38,246][INFO]modelName =  [main][text.thu.keg.smartsearch.jgibbetm.Model.init(Model.java:790)]
text.analysis[2017-07-25 16:27:38,247][INFO]Kwords = 2 [main][text.thu.keg.smartsearch.jgibbetm.Model.init(Model.java:792)]
text.analysis[2017-07-25 16:27:38,248][INFO]KEntities = 2 [main][text.thu.keg.smartsearch.jgibbetm.Model.init(Model.java:794)]
text.analysis[2017-07-25 16:27:38,248][INFO]alpha = -1.0 [main][text.thu.keg.smartsearch.jgibbetm.Model.init(Model.java:796)]
text.analysis[2017-07-25 16:27:38,248][INFO]beta1 = 0.1 [main][text.thu.keg.smartsearch.jgibbetm.Model.init(Model.java:798)]
text.analysis[2017-07-25 16:27:38,248][INFO]beta2 = 0.01 [main][text.thu.keg.smartsearch.jgibbetm.Model.init(Model.java:800)]
text.analysis[2017-07-25 16:27:38,248][INFO]gamma = -1.0 [main][text.thu.keg.smartsearch.jgibbetm.Model.init(Model.java:802)]
text.analysis[2017-07-25 16:27:38,249][INFO]alpha = 25.0 [main][text.thu.keg.smartsearch.jgibbetm.Model.init(Model.java:805)]
text.analysis[2017-07-25 16:27:38,249][INFO]gamma = 25.0 [main][text.thu.keg.smartsearch.jgibbetm.Model.init(Model.java:808)]
text.analysis[2017-07-25 16:27:38,249][INFO]beta1 = 0.1 [main][text.thu.keg.smartsearch.jgibbetm.Model.init(Model.java:811)]
text.analysis[2017-07-25 16:27:38,249][INFO]dir = D:/abc/ [main][text.thu.keg.smartsearch.jgibbetm.Model.init(Model.java:820)]
text.analysis[2017-07-25 16:27:38,249][INFO]dfile = TokensToNews.txt [main][text.thu.keg.smartsearch.jgibbetm.Model.init(Model.java:826)]
text.analysis[2017-07-25 16:27:38,250][INFO]twords = 100 [main][text.thu.keg.smartsearch.jgibbetm.Model.init(Model.java:829)]
text.analysis[2017-07-25 16:27:38,250][INFO]tentities = 100 [main][text.thu.keg.smartsearch.jgibbetm.Model.init(Model.java:831)]
text.analysis[2017-07-25 16:27:38,250][INFO]wordMapFile = wordmap.txt [main][text.thu.keg.smartsearch.jgibbetm.Model.init(Model.java:833)]
text.analysis[2017-07-25 16:27:38,250][INFO]entityMapFile = entitymap.txt [main][text.thu.keg.smartsearch.jgibbetm.Model.init(Model.java:835)]
text.analysis[2017-07-25 16:27:38,250][INFO]KWords = 2 [main][text.thu.keg.smartsearch.jgibbetm.Model.initNewModel(Model.java:848)]
text.analysis[2017-07-25 16:27:38,252][INFO]D:/abc/\TokensToNews.txt[main][text.thu.keg.smartsearch.jgibbetm.ETMDataset.readDataSet(ETMDataset.java:262)]
text.analysis[2017-07-25 16:27:38,254][INFO]words = 450 , entites = 39 . [main][text.thu.keg.smartsearch.jgibbetm.ETMDataset.readDataSet(ETMDataset.java:317)]
text.analysis[2017-07-25 16:27:38,257][INFO]Sampling 1000 iteration![main][text.thu.keg.smartsearch.jgibbetm.Estimator.estimate(Estimator.java:60)]
text.analysis[2017-07-25 16:27:38,351][INFO]Iteration end ............[main][text.thu.keg.smartsearch.jgibbetm.Estimator.estimate(Estimator.java:102)]
text.analysis[2017-07-25 16:27:38,352][INFO]Gibbs sampling completed![main][text.thu.keg.smartsearch.jgibbetm.Estimator.estimate(Estimator.java:103)]
text.analysis[2017-07-25 16:27:38,352][INFO]Saving the final model![main][text.thu.keg.smartsearch.jgibbetm.Estimator.estimate(Estimator.java:104)]
text.analysis[2017-07-25 16:27:38,388][INFO]Refreshing org.springframework.context.support.ClassPathXmlApplicationContext@2810613e: startup date [Tue Jul 25 16:27:38 CST 2017]; root of context hierarchy[main][org.springframework.context.support.AbstractApplicationContext.prepareRefresh(AbstractApplicationContext.java:514)]
text.analysis[2017-07-25 16:27:38,390][INFO]Loading XML bean definitions from class path resource [ApplicationContext.xml][main][org.springframework.beans.factory.xml.XmlBeanDefinitionReader.loadBeanDefinitions(XmlBeanDefinitionReader.java:317)]
text.analysis[2017-07-25 16:27:38,905][INFO]labelsplit.length() = 100 , valueList.size() = 100 [main][text.analyse.etmutility.ETMUtility.getTopWords(ETMUtility.java:708)]
text.analysis[2017-07-25 16:27:38,906][INFO]labelsplit.length() = 100 , valueList.size() = 100 [main][text.analyse.etmutility.ETMUtility.getTopWords(ETMUtility.java:708)]
text.analysis[2017-07-25 16:27:38,906][INFO]topWords.size() = 2 [main][text.analyse.etmutility.ETMCluster.luluTopicname(ETMCluster.java:266)]
text.analysis[2017-07-25 16:27:38,907][INFO]Label Index = 0 , labelList.size()[main][text.analyse.etmutility.ETMCluster.luluTopicname(ETMCluster.java:297)]
text.analysis[2017-07-25 16:27:38,907][INFO]Label Index = 1 , labelList.size()[main][text.analyse.etmutility.ETMCluster.luluTopicname(ETMCluster.java:297)]
text.analysis[2017-07-25 16:27:38,907][INFO]label = 院长工作 [main][text.analyse.etmutility.ETMCluster.RunUtility(ETMCluster.java:204)]
text.analysis[2017-07-25 16:27:38,907][INFO]label = 进行人工智能 [main][text.analyse.etmutility.ETMCluster.RunUtility(ETMCluster.java:204)]
text.analysis[2017-07-25 16:27:38,908][INFO]抽取关键词，开始加载 phi 矩阵文件..........[main][text.analyse.etmutility.ETMCluster.RunUtility(ETMCluster.java:221)]
text.analysis[2017-07-25 16:27:38,957][INFO]抽取关键词，加载 phi 矩阵文件结束，开始抽取关键词...[main][text.analyse.etmutility.ETMCluster.RunUtility(ETMCluster.java:223)]
text.analysis[2017-07-25 16:27:38,957][INFO]抽取关键词，NewsSet.size = 2 [main][text.thu.keyword.extract.ExtFactory.outputKeywors(ExtFactory.java:174)]
text.analysis[2017-07-25 16:27:38,957][INFO]抽取关键词， News index = 0 ... [main][text.thu.keyword.extract.ExtFactory.outputKeywors(ExtFactory.java:179)]
text.analysis[2017-07-25 16:27:38,986][INFO]抽取关键词， News index = 1 ... [main][text.thu.keyword.extract.ExtFactory.outputKeywors(ExtFactory.java:179)]
text.analysis[2017-07-25 16:27:39,007][INFO]新闻关键词抽取完毕，进行关键词格式化....[main][text.thu.keyword.extract.ExtFactory.outputKeywors(ExtFactory.java:191)]
text.analysis[2017-07-25 16:27:39,007][INFO]抽取关键词完毕，关键词个数 = 2 [main][text.analyse.etmutility.ETMCluster.RunUtility(ETMCluster.java:225)]
text.analysis[2017-07-25 16:27:39,008][INFO]重置话题标签完毕......[main][text.analyse.etmutility.ETMCluster.RunUtility(ETMCluster.java:236)]
text.analysis[2017-07-25 16:27:39,008][INFO]获取实体列表...[main][text.analyse.etmutility.ETMCluster.RunUtility(ETMCluster.java:242)]
text.analysis[2017-07-25 16:27:39,009][INFO]获取实体...[main][text.analyse.etmutility.ETMCluster.RunUtility(ETMCluster.java:244)]
text.analysis[2017-07-25 16:27:39,009][INFO]该专题的词条个数： 31 [main][text.analyse.utility.Utility.loadWord(Utility.java:154)]
text.analysis[2017-07-25 16:27:39,010][INFO]实体和话题之间的关系...[main][text.analyse.etmutility.ETMCluster.RunUtility(ETMCluster.java:250)]
text.analysis[2017-07-25 16:27:39,120][INFO]Closing org.springframework.context.support.GenericApplicationContext@1f936f80: startup date [Tue Jul 25 16:27:32 CST 2017]; root of context hierarchy[Thread-0][org.springframework.context.support.AbstractApplicationContext.doClose(AbstractApplicationContext.java:869)]
